2024-11-21 23:29:07,952 - INFO - Installing dependencies for the first time...
2024-11-21 23:29:07,952 - ERROR - requirements.txt not found. Cannot install Python dependencies.
2024-11-21 23:29:36,018 - INFO - Installing dependencies for the first time...
2024-11-21 23:29:36,019 - ERROR - requirements.txt not found. Cannot install Python dependencies.
2024-11-21 23:32:00,246 - INFO - Installing dependencies for the first time...
2024-11-21 23:32:00,246 - ERROR - requirements.txt not found. Cannot install Python dependencies.
2024-11-21 23:32:02,845 - INFO - Installing dependencies for the first time...
2024-11-21 23:32:02,845 - ERROR - requirements.txt not found. Cannot install Python dependencies.
2024-11-21 23:33:46,941 - INFO - Installing dependencies for the first time...
2024-11-21 23:33:46,941 - ERROR - requirements.txt not found. Cannot install Python dependencies.
2024-11-21 23:33:54,574 - INFO - Installing dependencies for the first time...
2024-11-21 23:33:54,574 - ERROR - requirements.txt not found. Cannot install Python dependencies.
2024-11-21 23:34:25,753 - INFO - Installing dependencies for the first time...
2024-11-21 23:34:25,753 - ERROR - requirements.txt not found. Cannot install Python dependencies.
2024-11-21 23:35:37,932 - INFO - Installing dependencies for the first time...
2024-11-21 23:35:37,933 - ERROR - c:\Users\CLIPRYTHM\Desktop\solutiongui\requirements.txt not found. Cannot install Python dependencies.
2024-11-21 23:36:35,321 - INFO - Installing dependencies for the first time...
2024-11-21 23:36:35,321 - ERROR - c:\Users\CLIPRYTHM\Desktop\solutiongui\requirements.txt not found. Cannot install Python dependencies.
2024-11-21 23:37:55,331 - ERROR - VPN connection is not active. Failed to resolve hostname.
2024-11-21 23:37:59,812 - WARNING - icon.ico not found. Using default icon.
2024-11-21 23:37:59,834 - INFO - Window icon set successfully.
2024-11-21 23:37:59,834 - INFO - Maximize button disabled.
2024-11-21 23:37:59,874 - INFO - System tray icon initialized successfully.
2024-11-21 23:37:59,876 - INFO - TextBoxHandler added to logger.
2024-11-21 23:37:59,877 - INFO - No configuration file found. Using default window size.
2024-11-21 23:38:10,879 - INFO - Manage Zukey window initialized.
2024-11-21 23:38:19,049 - ERROR - An error occurred during the reset process: Failed to read security_key_button.png because file is missing, has improper permissions, or is an unsupported or invalid format
2024-11-21 23:38:34,823 - INFO - Scanner APW button clicked.
2024-11-21 23:38:50,453 - INFO - Window geometry saved to gui_config.json.
2024-11-21 23:38:50,454 - INFO - Waiting for monitoring thread to stop...
2024-11-21 23:38:50,665 - INFO - Application closed.
